[debug] [2024-08-22T19:07:25.592Z] ----------------------------------------------------------------------
[debug] [2024-08-22T19:07:25.596Z] Command:       C:\Program Files\nodejs\node.exe C:\Program Files\nodejs\node_modules\firebase-tools\lib\bin\firebase.js init
[debug] [2024-08-22T19:07:25.596Z] CLI Version:   13.15.3
[debug] [2024-08-22T19:07:25.597Z] Platform:      win32
[debug] [2024-08-22T19:07:25.597Z] Node Version:  v18.14.0
[debug] [2024-08-22T19:07:25.598Z] Time:          Fri Aug 23 2024 02:07:25 GMT+0700 (Indochina Time)
[debug] [2024-08-22T19:07:25.599Z] ----------------------------------------------------------------------
[debug] 
[debug] [2024-08-22T19:07:25.622Z] >>> [apiv2][query] GET https://firebase-public.firebaseio.com/cli.json [none]
[debug] [2024-08-22T19:07:25.709Z] > command requires scopes: ["email","openid","https://www.googleapis.com/auth/cloudplatformprojects.readonly","https://www.googleapis.com/auth/firebase","https://www.googleapis.com/auth/cloud-platform"]
[debug] [2024-08-22T19:07:25.709Z] > authorizing via signed-in user (duyhung3h@gmail.com)
[info] 
     ######## #### ########  ######## ########     ###     ######  ########
     ##        ##  ##     ## ##       ##     ##  ##   ##  ##       ##
     ######    ##  ########  ######   ########  #########  ######  ######
     ##        ##  ##    ##  ##       ##     ## ##     ##       ## ##
     ##       #### ##     ## ######## ########  ##     ##  ######  ########

You're about to initialize a Firebase project in this directory:

  E:\Projects\NextJS\aisling-nextjs

[debug] [2024-08-22T19:07:26.376Z] <<< [apiv2][status] GET https://firebase-public.firebaseio.com/cli.json 200
[debug] [2024-08-22T19:07:26.377Z] <<< [apiv2][body] GET https://firebase-public.firebaseio.com/cli.json {"cloudBuildErrorAfter":1594252800000,"cloudBuildWarnAfter":1590019200000,"defaultNode10After":1594252800000,"minVersion":"3.0.5","node8DeploysDisabledAfter":1613390400000,"node8RuntimeDisabledAfter":1615809600000,"node8WarnAfter":1600128000000}
